<?xml version="1.0" encoding="UTF-8"?>
<testsuite xmlns:xsi="http://www.w3.org/2001/XMLSchema-instance" xsi:noNamespaceSchemaLocation="https://maven.apache.org/surefire/maven-surefire-plugin/xsd/surefire-test-report.xsd" version="3.0.2" name="org.mc17171.userservice.UserServiceApplicationTests" time="2.655" tests="1" errors="0" skipped="0" failures="0" flakes="0">
  <properties>
[...]
</properties>
  <testcase name="contextLoads" classname="org.mc17171.userservice.UserServiceApplicationTests" time="0.846">
    <system-out><![CDATA[13:21:50.299 [main] INFO org.springframework.test.context.support.AnnotationConfigContextLoaderUtils -- Could not detect default configuration classes for test class [org.mc17171.userservice.UserServiceApplicationTests]: UserServiceApplicationTests does not declare any static, non-private, non-final, nested classes annotated with @Configuration.
13:21:50.448 [main] INFO org.springframework.boot.test.context.SpringBootTestContextBootstrapper -- Found @SpringBootConfiguration org.mc17171.userservice.UserServiceApplication for test class org.mc17171.userservice.UserServiceApplicationTests

  .   ____          _            __ _ _
 /\\ / ___'_ __ _ _(_)_ __  __ _ \ \ \ \
( ( )\___ | '_ | '_| | '_ \/ _` | \ \ \ \
 \\/  ___)| |_)| | | | | || (_| |  ) ) ) )
  '  |____| .__|_| |_|_| |_\__, | / / / /
 =========|_|==============|___/=/_/_/_/

 :: Spring Boot ::               (v3.5.14)

2026-05-25T13:21:51.276+03:00  INFO 4796 --- [user-service] [           main] o.m.u.UserServiceApplicationTests        : Starting UserServiceApplicationTests using Java 17.0.19 with PID 4796 (started by MMRG in C:\Users\MMRG\Desktop\event-driven-processing-platform\user-service)
2026-05-25T13:21:51.279+03:00  INFO 4796 --- [user-service] [           main] o.m.u.UserServiceApplicationTests        : No active profile set, falling back to 1 default profile: "default"
2026-05-25T13:21:51.904+03:00  INFO 4796 --- [user-service] [           main] o.m.u.UserServiceApplicationTests        : Started UserServiceApplicationTests in 1.21 seconds (process running for 2.37)
]]></system-out>
  </testcase>
</testsuite>